D:\VS\MFC DATABASE DEMO\DEBUG\MFC DATABASE DEMO.EXE
D:\VS\MFC DATABASE DEMO\DEBUG\MFC DATABASE DEMO.ILK
D:\VS\MFC DATABASE DEMO\DEBUG\MFC DATABASE DEMO.PDB
D:\VS\MFC database demo\MFC database demo\Debug\cl.command.1.tlog
D:\VS\MFC database demo\MFC database demo\Debug\CL.read.1.tlog
D:\VS\MFC database demo\MFC database demo\Debug\CL.write.1.tlog
D:\VS\MFC database demo\MFC database demo\Debug\link.5336.read.1.tlog
D:\VS\MFC database demo\MFC database demo\Debug\link.5336.write.1.tlog
D:\VS\MFC database demo\MFC database demo\Debug\link.5336-cvtres.read.1.tlog
D:\VS\MFC database demo\MFC database demo\Debug\link.5336-cvtres.write.1.tlog
D:\VS\MFC database demo\MFC database demo\Debug\link.5684.read.1.tlog
D:\VS\MFC database demo\MFC database demo\Debug\link.5684.write.1.tlog
D:\VS\MFC database demo\MFC database demo\Debug\link.5684-cvtres.read.1.tlog
D:\VS\MFC database demo\MFC database demo\Debug\link.5684-cvtres.write.1.tlog
D:\VS\MFC database demo\MFC database demo\Debug\link.command.1.tlog
D:\VS\MFC database demo\MFC database demo\Debug\link.read.1.tlog
D:\VS\MFC database demo\MFC database demo\Debug\link.write.1.tlog
D:\VS\MFC database demo\MFC database demo\Debug\link-cvtres.read.1.tlog
D:\VS\MFC database demo\MFC database demo\Debug\link-cvtres.write.1.tlog
D:\VS\MFC DATABASE DEMO\MFC DATABASE DEMO\DEBUG\MFC DATABASE DEMO.EXE.EMBED.MANIFEST
D:\VS\MFC DATABASE DEMO\MFC DATABASE DEMO\DEBUG\MFC DATABASE DEMO.EXE.EMBED.MANIFEST.RES
D:\VS\MFC DATABASE DEMO\MFC DATABASE DEMO\DEBUG\MFC DATABASE DEMO.EXE.INTERMEDIATE.MANIFEST
D:\VS\MFC DATABASE DEMO\MFC DATABASE DEMO\DEBUG\MFC DATABASE DEMO.OBJ
D:\VS\MFC DATABASE DEMO\MFC DATABASE DEMO\DEBUG\MFC DATABASE DEMO.PCH
D:\VS\MFC DATABASE DEMO\MFC DATABASE DEMO\DEBUG\MFC DATABASE DEMO.RES
D:\VS\MFC database demo\MFC database demo\Debug\MFC database demo_manifest.rc
D:\VS\MFC DATABASE DEMO\MFC DATABASE DEMO\DEBUG\MFC DATABASE DEMODLG.OBJ
D:\VS\MFC database demo\MFC database demo\Debug\mt.command.1.tlog
D:\VS\MFC database demo\MFC database demo\Debug\mt.read.1.tlog
D:\VS\MFC database demo\MFC database demo\Debug\mt.write.1.tlog
D:\VS\MFC database demo\MFC database demo\Debug\rc.command.1.tlog
D:\VS\MFC database demo\MFC database demo\Debug\rc.read.1.tlog
D:\VS\MFC database demo\MFC database demo\Debug\rc.write.1.tlog
D:\VS\MFC DATABASE DEMO\MFC DATABASE DEMO\DEBUG\STDAFX.OBJ
D:\VS\MFC database demo\MFC database demo\Debug\vc100.idb
D:\VS\MFC DATABASE DEMO\MFC DATABASE DEMO\DEBUG\VC100.PDB
